Library/Bee/Android/Prj/Mono2x/Gradle/launcher/build/intermediates/manifest_merge_blame_file/release/manifest-merger-blame-release-report.txt
1<?xml version="1.0" encoding="utf-8"?>
2<manifest xmlns:android="http://schemas.android.com/apk/res/android"
3    package="com.DefaultCompany.Myproject"
4    android:installLocation="preferExternal"
5    android:versionCode="1"
6    android:versionName="0.1" >
7
8    <uses-sdk
9        android:minSdkVersion="22"
9-->src\main\AndroidManifest.xml
10        android:targetSdkVersion="30" />
10-->src\main\AndroidManifest.xml
11
12    <supports-screens
12-->src\main\AndroidManifest.xml:3:3-163
13        android:anyDensity="true"
13-->src\main\AndroidManifest.xml:3:135-160
14        android:largeScreens="true"
14-->src\main\AndroidManifest.xml:3:78-105
15        android:normalScreens="true"
15-->src\main\AndroidManifest.xml:3:49-77
16        android:smallScreens="true"
16-->src\main\AndroidManifest.xml:3:21-48
17        android:xlargeScreens="true" />
17-->src\main\AndroidManifest.xml:3:106-134
18
19    <uses-permission android:name="com.google.android.gms.permission.AD_ID" />
19-->[:unityLibrary] AndroidManifest.xml:12:5-79
19-->[:unityLibrary] AndroidManifest.xml:12:22-76
20
21    <uses-feature android:glEsVersion="0x00030000" />
21-->[:unityLibrary] AndroidManifest.xml:14:5-54
21-->[:unityLibrary] AndroidManifest.xml:14:19-51
22    <uses-feature
22-->[:unityLibrary] AndroidManifest.xml:15:5-17:36
23        android:name="android.hardware.vulkan.version"
23-->[:unityLibrary] AndroidManifest.xml:16:9-55
24        android:required="false" />
24-->[:unityLibrary] AndroidManifest.xml:17:9-33
25    <uses-feature
25-->[:unityLibrary] AndroidManifest.xml:18:5-20:36
26        android:name="android.hardware.touchscreen"
26-->[:unityLibrary] AndroidManifest.xml:19:9-52
27        android:required="false" />
27-->[:unityLibrary] AndroidManifest.xml:20:9-33
28    <uses-feature
28-->[:unityLibrary] AndroidManifest.xml:21:5-23:36
29        android:name="android.hardware.touchscreen.multitouch"
29-->[:unityLibrary] AndroidManifest.xml:22:9-63
30        android:required="false" />
30-->[:unityLibrary] AndroidManifest.xml:23:9-33
31    <uses-feature
31-->[:unityLibrary] AndroidManifest.xml:24:5-26:36
32        android:name="android.hardware.touchscreen.multitouch.distinct"
32-->[:unityLibrary] AndroidManifest.xml:25:9-72
33        android:required="false" />
33-->[:unityLibrary] AndroidManifest.xml:26:9-33
34
35    <uses-permission android:name="android.permission.WAKE_LOCK" />
35-->[:androidx.work.work-runtime-2.7.0:] AndroidManifest.xml:19:3-66
35-->[:androidx.work.work-runtime-2.7.0:] AndroidManifest.xml:19:20-63
36    <uses-permission android:name="android.permission.ACCESS_NETWORK_STATE" />
36-->[:androidx.work.work-runtime-2.7.0:] AndroidManifest.xml:20:3-77
36-->[:androidx.work.work-runtime-2.7.0:] AndroidManifest.xml:20:20-74
37    <uses-permission android:name="android.permission.FOREGROUND_SERVICE" /> <!-- Include required permissions for Google Mobile Ads to run -->
37-->[:androidx.work.work-runtime-2.7.0:] AndroidManifest.xml:22:3-75
37-->[:androidx.work.work-runtime-2.7.0:] AndroidManifest.xml:22:20-72
38    <uses-permission android:name="android.permission.INTERNET" /> <!-- Android package visibility setting -->
38-->[:com.google.android.gms.play-services-ads-lite-22.2.0:] AndroidManifest.xml:20:3-65
38-->[:com.google.android.gms.play-services-ads-lite-22.2.0:] AndroidManifest.xml:20:20-62
39    <queries>
39-->[:com.google.android.gms.play-services-ads-lite-22.2.0:] AndroidManifest.xml:25:3-38:13
40
41        <!-- For browser content -->
42        <intent>
42-->[:com.google.android.gms.play-services-ads-lite-22.2.0:] AndroidManifest.xml:27:5-31:14
43            <action android:name="android.intent.action.VIEW" />
43-->[:com.google.android.gms.play-services-ads-lite-22.2.0:] AndroidManifest.xml:28:7-59
43-->[:com.google.android.gms.play-services-ads-lite-22.2.0:] AndroidManifest.xml:28:15-56
44
45            <category android:name="android.intent.category.BROWSABLE" />
45-->[:com.google.android.gms.play-services-ads-lite-22.2.0:] AndroidManifest.xml:29:7-68
45-->[:com.google.android.gms.play-services-ads-lite-22.2.0:] AndroidManifest.xml:29:17-65
46
47            <data android:scheme="https" />
47-->[:com.google.android.gms.play-services-ads-lite-22.2.0:] AndroidManifest.xml:30:7-38
47-->[:com.google.android.gms.play-services-ads-lite-22.2.0:] AndroidManifest.xml:30:13-35
48        </intent>
49        <!-- End of browser content -->
50        <!-- For CustomTabsService -->
51        <intent>
51-->[:com.google.android.gms.play-services-ads-lite-22.2.0:] AndroidManifest.xml:27:5-31:14
52            <action android:name="android.support.customtabs.action.CustomTabsService" />
53        </intent>
54        <!-- End of CustomTabsService -->
55    </queries>
56
57    <permission
57-->[:androidx.core.core-1.9.0:] AndroidManifest.xml:19:3-138
58        android:name="com.DefaultCompany.Myproject.DYNAMIC_RECEIVER_NOT_EXPORTED_PERMISSION"
58-->[:androidx.core.core-1.9.0:] AndroidManifest.xml:19:15-99
59        android:protectionLevel="signature" />
59-->[:androidx.core.core-1.9.0:] AndroidManifest.xml:19:100-135
60
61    <uses-permission android:name="com.DefaultCompany.Myproject.DYNAMIC_RECEIVER_NOT_EXPORTED_PERMISSION" />
61-->[:androidx.core.core-1.9.0:] AndroidManifest.xml:20:3-107
61-->[:androidx.core.core-1.9.0:] AndroidManifest.xml:20:20-104
62
63    <application
63-->src\main\AndroidManifest.xml:4:3-83
64        android:appComponentFactory="androidx.core.app.CoreComponentFactory"
64-->[:androidx.core.core-1.9.0:] AndroidManifest.xml:21:16-84
65        android:extractNativeLibs="true"
65-->[:unityLibrary] AndroidManifest.xml:28:18-50
66        android:icon="@mipmap/app_icon"
66-->src\main\AndroidManifest.xml:4:49-80
67        android:label="@string/app_name" >
67-->src\main\AndroidManifest.xml:4:16-48
68        <activity
68-->[:unityLibrary] AndroidManifest.xml:29:9-49:20
69            android:name="com.unity3d.player.UnityPlayerActivity"
69-->[:unityLibrary] AndroidManifest.xml:30:13-66
70            android:configChanges="mcc|mnc|locale|touchscreen|keyboard|keyboardHidden|navigation|orientation|screenLayout|uiMode|screenSize|smallestScreenSize|fontScale|layoutDirection|density"
70-->[:unityLibrary] AndroidManifest.xml:31:13-194
71            android:hardwareAccelerated="false"
71-->[:unityLibrary] AndroidManifest.xml:32:13-48
72            android:launchMode="singleTask"
72-->[:unityLibrary] AndroidManifest.xml:33:13-44
73            android:resizeableActivity="false"
73-->[:unityLibrary] AndroidManifest.xml:34:13-47
74            android:screenOrientation="portrait"
74-->[:unityLibrary] AndroidManifest.xml:35:13-49
75            android:theme="@style/UnityThemeSelector" >
75-->[:unityLibrary] AndroidManifest.xml:36:13-54
76            <intent-filter>
76-->[:unityLibrary] AndroidManifest.xml:37:13-41:29
77                <action android:name="android.intent.action.MAIN" />
77-->[:unityLibrary] AndroidManifest.xml:38:17-69
77-->[:unityLibrary] AndroidManifest.xml:38:25-66
78
79                <category android:name="android.intent.category.LAUNCHER" />
79-->[:unityLibrary] AndroidManifest.xml:40:17-77
79-->[:unityLibrary] AndroidManifest.xml:40:27-74
80            </intent-filter>
81
82            <meta-data
82-->[:unityLibrary] AndroidManifest.xml:43:13-45:40
83                android:name="unityplayer.UnityActivity"
83-->[:unityLibrary] AndroidManifest.xml:44:17-57
84                android:value="true" />
84-->[:unityLibrary] AndroidManifest.xml:45:17-37
85            <meta-data
85-->[:unityLibrary] AndroidManifest.xml:46:13-48:40
86                android:name="android.notch_support"
86-->[:unityLibrary] AndroidManifest.xml:47:17-53
87                android:value="true" />
87-->[:unityLibrary] AndroidManifest.xml:48:17-37
88        </activity>
89
90        <meta-data
90-->[:unityLibrary] AndroidManifest.xml:51:9-53:33
91            android:name="unity.splash-mode"
91-->[:unityLibrary] AndroidManifest.xml:52:13-45
92            android:value="0" />
92-->[:unityLibrary] AndroidManifest.xml:53:13-30
93        <meta-data
93-->[:unityLibrary] AndroidManifest.xml:54:9-56:36
94            android:name="unity.splash-enable"
94-->[:unityLibrary] AndroidManifest.xml:55:13-47
95            android:value="True" />
95-->[:unityLibrary] AndroidManifest.xml:56:13-33
96        <meta-data
96-->[:unityLibrary] AndroidManifest.xml:57:9-59:36
97            android:name="unity.launch-fullscreen"
97-->[:unityLibrary] AndroidManifest.xml:58:13-51
98            android:value="True" />
98-->[:unityLibrary] AndroidManifest.xml:59:13-33
99        <meta-data
99-->[:unityLibrary] AndroidManifest.xml:60:9-62:37
100            android:name="unity.allow-resizable-window"
100-->[:unityLibrary] AndroidManifest.xml:61:13-56
101            android:value="False" />
101-->[:unityLibrary] AndroidManifest.xml:62:13-34
102        <meta-data
102-->[:unityLibrary] AndroidManifest.xml:63:9-65:50
103            android:name="notch.config"
103-->[:unityLibrary] AndroidManifest.xml:64:13-40
104            android:value="portrait|landscape" />
104-->[:unityLibrary] AndroidManifest.xml:65:13-47
105        <meta-data
105-->[:unityLibrary] AndroidManifest.xml:66:9-68:36
106            android:name="unity.auto-report-fully-drawn"
106-->[:unityLibrary] AndroidManifest.xml:67:13-57
107            android:value="true" />
107-->[:unityLibrary] AndroidManifest.xml:68:13-33
108
109        <provider
109-->[:androidx.work.work-runtime-2.7.0:] AndroidManifest.xml:24:5-26:16
110            android:name="androidx.startup.InitializationProvider"
110-->[:androidx.work.work-runtime-2.7.0:] AndroidManifest.xml:24:15-69
111            android:authorities="com.DefaultCompany.Myproject.androidx-startup"
111-->[:androidx.work.work-runtime-2.7.0:] AndroidManifest.xml:24:70-137
112            android:exported="false" >
112-->[:androidx.work.work-runtime-2.7.0:] AndroidManifest.xml:24:138-162
113            <meta-data
113-->[:androidx.work.work-runtime-2.7.0:] AndroidManifest.xml:25:7-105
114                android:name="androidx.work.WorkManagerInitializer"
114-->[:androidx.work.work-runtime-2.7.0:] AndroidManifest.xml:25:18-69
115                android:value="androidx.startup" />
115-->[:androidx.work.work-runtime-2.7.0:] AndroidManifest.xml:25:70-102
116            <meta-data
116-->[:com.unity3d.ads.unity-ads-4.8.0:] AndroidManifest.xml:13:7-115
117                android:name="androidx.lifecycle.ProcessLifecycleInitializer"
117-->[:com.unity3d.ads.unity-ads-4.8.0:] AndroidManifest.xml:13:18-79
118                android:value="androidx.startup" />
118-->[:com.unity3d.ads.unity-ads-4.8.0:] AndroidManifest.xml:13:80-112
119            <meta-data
119-->[:com.unity3d.ads.unity-ads-4.8.0:] AndroidManifest.xml:14:7-126
120                android:name="com.unity3d.services.core.configuration.AdsSdkInitializer"
120-->[:com.unity3d.ads.unity-ads-4.8.0:] AndroidManifest.xml:14:18-90
121                android:value="androidx.startup" />
121-->[:com.unity3d.ads.unity-ads-4.8.0:] AndroidManifest.xml:14:91-123
122        </provider>
123
124        <service
124-->[:androidx.work.work-runtime-2.7.0:] AndroidManifest.xml:27:5-229
125            android:name="androidx.work.impl.background.systemalarm.SystemAlarmService"
125-->[:androidx.work.work-runtime-2.7.0:] AndroidManifest.xml:27:14-89
126            android:directBootAware="false"
126-->[:androidx.work.work-runtime-2.7.0:] AndroidManifest.xml:27:90-121
127            android:enabled="@bool/enable_system_alarm_service_default"
127-->[:androidx.work.work-runtime-2.7.0:] AndroidManifest.xml:27:122-181
128            android:exported="false" />
128-->[:androidx.work.work-runtime-2.7.0:] AndroidManifest.xml:27:182-206
129        <service
129-->[:androidx.work.work-runtime-2.7.0:] AndroidManifest.xml:28:5-279
130            android:name="androidx.work.impl.background.systemjob.SystemJobService"
130-->[:androidx.work.work-runtime-2.7.0:] AndroidManifest.xml:28:14-85
131            android:directBootAware="false"
131-->[:androidx.work.work-runtime-2.7.0:] AndroidManifest.xml:28:86-117
132            android:enabled="@bool/enable_system_job_service_default"
132-->[:androidx.work.work-runtime-2.7.0:] AndroidManifest.xml:28:118-175
133            android:exported="true"
133-->[:androidx.work.work-runtime-2.7.0:] AndroidManifest.xml:28:176-199
134            android:permission="android.permission.BIND_JOB_SERVICE" />
134-->[:androidx.work.work-runtime-2.7.0:] AndroidManifest.xml:28:200-256
135        <service
135-->[:androidx.work.work-runtime-2.7.0:] AndroidManifest.xml:29:5-227
136            android:name="androidx.work.impl.foreground.SystemForegroundService"
136-->[:androidx.work.work-runtime-2.7.0:] AndroidManifest.xml:29:14-82
137            android:directBootAware="false"
137-->[:androidx.work.work-runtime-2.7.0:] AndroidManifest.xml:29:83-114
138            android:enabled="@bool/enable_system_foreground_service_default"
138-->[:androidx.work.work-runtime-2.7.0:] AndroidManifest.xml:29:115-179
139            android:exported="false" />
139-->[:androidx.work.work-runtime-2.7.0:] AndroidManifest.xml:29:180-204
140
141        <receiver
141-->[:androidx.work.work-runtime-2.7.0:] AndroidManifest.xml:30:5-193
142            android:name="androidx.work.impl.utils.ForceStopRunnable$BroadcastReceiver"
142-->[:androidx.work.work-runtime-2.7.0:] AndroidManifest.xml:30:15-90
143            android:directBootAware="false"
143-->[:androidx.work.work-runtime-2.7.0:] AndroidManifest.xml:30:91-122
144            android:enabled="true"
144-->[:androidx.work.work-runtime-2.7.0:] AndroidManifest.xml:30:123-145
145            android:exported="false" />
145-->[:androidx.work.work-runtime-2.7.0:] AndroidManifest.xml:30:146-170
146        <receiver
146-->[:androidx.work.work-runtime-2.7.0:] AndroidManifest.xml:31:5-36:16
147            android:name="androidx.work.impl.background.systemalarm.ConstraintProxy$BatteryChargingProxy"
147-->[:androidx.work.work-runtime-2.7.0:] AndroidManifest.xml:31:15-108
148            android:directBootAware="false"
148-->[:androidx.work.work-runtime-2.7.0:] AndroidManifest.xml:31:109-140
149            android:enabled="false"
149-->[:androidx.work.work-runtime-2.7.0:] AndroidManifest.xml:31:141-164
150            android:exported="false" >
150-->[:androidx.work.work-runtime-2.7.0:] AndroidManifest.xml:31:165-189
151            <intent-filter>
151-->[:androidx.work.work-runtime-2.7.0:] AndroidManifest.xml:32:7-35:23
152                <action android:name="android.intent.action.ACTION_POWER_CONNECTED" />
152-->[:androidx.work.work-runtime-2.7.0:] AndroidManifest.xml:33:9-79
152-->[:androidx.work.work-runtime-2.7.0:] AndroidManifest.xml:33:17-76
153                <action android:name="android.intent.action.ACTION_POWER_DISCONNECTED" />
153-->[:androidx.work.work-runtime-2.7.0:] AndroidManifest.xml:34:9-82
153-->[:androidx.work.work-runtime-2.7.0:] AndroidManifest.xml:34:17-79
154            </intent-filter>
155        </receiver>
156        <receiver
156-->[:androidx.work.work-runtime-2.7.0:] AndroidManifest.xml:37:5-42:16
157            android:name="androidx.work.impl.background.systemalarm.ConstraintProxy$BatteryNotLowProxy"
157-->[:androidx.work.work-runtime-2.7.0:] AndroidManifest.xml:37:15-106
158            android:directBootAware="false"
158-->[:androidx.work.work-runtime-2.7.0:] AndroidManifest.xml:37:107-138
159            android:enabled="false"
159-->[:androidx.work.work-runtime-2.7.0:] AndroidManifest.xml:37:139-162
160            android:exported="false" >
160-->[:androidx.work.work-runtime-2.7.0:] AndroidManifest.xml:37:163-187
161            <intent-filter>
161-->[:androidx.work.work-runtime-2.7.0:] AndroidManifest.xml:38:7-41:23
162                <action android:name="android.intent.action.BATTERY_OKAY" />
162-->[:androidx.work.work-runtime-2.7.0:] AndroidManifest.xml:39:9-69
162-->[:androidx.work.work-runtime-2.7.0:] AndroidManifest.xml:39:17-66
163                <action android:name="android.intent.action.BATTERY_LOW" />
163-->[:androidx.work.work-runtime-2.7.0:] AndroidManifest.xml:40:9-68
163-->[:androidx.work.work-runtime-2.7.0:] AndroidManifest.xml:40:17-65
164            </intent-filter>
165        </receiver>
166        <receiver
166-->[:androidx.work.work-runtime-2.7.0:] AndroidManifest.xml:43:5-48:16
167            android:name="androidx.work.impl.background.systemalarm.ConstraintProxy$StorageNotLowProxy"
167-->[:androidx.work.work-runtime-2.7.0:] AndroidManifest.xml:43:15-106
168            android:directBootAware="false"
168-->[:androidx.work.work-runtime-2.7.0:] AndroidManifest.xml:43:107-138
169            android:enabled="false"
169-->[:androidx.work.work-runtime-2.7.0:] AndroidManifest.xml:43:139-162
170            android:exported="false" >
170-->[:androidx.work.work-runtime-2.7.0:] AndroidManifest.xml:43:163-187
171            <intent-filter>
171-->[:androidx.work.work-runtime-2.7.0:] AndroidManifest.xml:44:7-47:23
172                <action android:name="android.intent.action.DEVICE_STORAGE_LOW" />
172-->[:androidx.work.work-runtime-2.7.0:] AndroidManifest.xml:45:9-75
172-->[:androidx.work.work-runtime-2.7.0:] AndroidManifest.xml:45:17-72
173                <action android:name="android.intent.action.DEVICE_STORAGE_OK" />
173-->[:androidx.work.work-runtime-2.7.0:] AndroidManifest.xml:46:9-74
173-->[:androidx.work.work-runtime-2.7.0:] AndroidManifest.xml:46:17-71
174            </intent-filter>
175        </receiver>
176        <receiver
176-->[:androidx.work.work-runtime-2.7.0:] AndroidManifest.xml:49:5-53:16
177            android:name="androidx.work.impl.background.systemalarm.ConstraintProxy$NetworkStateProxy"
177-->[:androidx.work.work-runtime-2.7.0:] AndroidManifest.xml:49:15-105
178            android:directBootAware="false"
178-->[:androidx.work.work-runtime-2.7.0:] AndroidManifest.xml:49:106-137
179            android:enabled="false"
179-->[:androidx.work.work-runtime-2.7.0:] AndroidManifest.xml:49:138-161
180            android:exported="false" >
180-->[:androidx.work.work-runtime-2.7.0:] AndroidManifest.xml:49:162-186
181            <intent-filter>
181-->[:androidx.work.work-runtime-2.7.0:] AndroidManifest.xml:50:7-52:23
182                <action android:name="android.net.conn.CONNECTIVITY_CHANGE" />
182-->[:androidx.work.work-runtime-2.7.0:] AndroidManifest.xml:51:9-71
182-->[:androidx.work.work-runtime-2.7.0:] AndroidManifest.xml:51:17-68
183            </intent-filter>
184        </receiver>
185        <receiver
185-->[:androidx.work.work-runtime-2.7.0:] AndroidManifest.xml:54:5-60:16
186            android:name="androidx.work.impl.background.systemalarm.RescheduleReceiver"
186-->[:androidx.work.work-runtime-2.7.0:] AndroidManifest.xml:54:15-90
187            android:directBootAware="false"
187-->[:androidx.work.work-runtime-2.7.0:] AndroidManifest.xml:54:91-122
188            android:enabled="false"
188-->[:androidx.work.work-runtime-2.7.0:] AndroidManifest.xml:54:123-146
189            android:exported="false" >
189-->[:androidx.work.work-runtime-2.7.0:] AndroidManifest.xml:54:147-171
190            <intent-filter>
190-->[:androidx.work.work-runtime-2.7.0:] AndroidManifest.xml:55:7-59:23
191                <action android:name="android.intent.action.BOOT_COMPLETED" />
191-->[:androidx.work.work-runtime-2.7.0:] AndroidManifest.xml:56:9-71
191-->[:androidx.work.work-runtime-2.7.0:] AndroidManifest.xml:56:17-68
192                <action android:name="android.intent.action.TIME_SET" />
192-->[:androidx.work.work-runtime-2.7.0:] AndroidManifest.xml:57:9-65
192-->[:androidx.work.work-runtime-2.7.0:] AndroidManifest.xml:57:17-62
193                <action android:name="android.intent.action.TIMEZONE_CHANGED" />
193-->[:androidx.work.work-runtime-2.7.0:] AndroidManifest.xml:58:9-73
193-->[:androidx.work.work-runtime-2.7.0:] AndroidManifest.xml:58:17-70
194            </intent-filter>
195        </receiver>
196        <receiver
196-->[:androidx.work.work-runtime-2.7.0:] AndroidManifest.xml:61:5-65:16
197            android:name="androidx.work.impl.background.systemalarm.ConstraintProxyUpdateReceiver"
197-->[:androidx.work.work-runtime-2.7.0:] AndroidManifest.xml:61:15-101
198            android:directBootAware="false"
198-->[:androidx.work.work-runtime-2.7.0:] AndroidManifest.xml:61:102-133
199            android:enabled="@bool/enable_system_alarm_service_default"
199-->[:androidx.work.work-runtime-2.7.0:] AndroidManifest.xml:61:134-193
200            android:exported="false" >
200-->[:androidx.work.work-runtime-2.7.0:] AndroidManifest.xml:61:194-218
201            <intent-filter>
201-->[:androidx.work.work-runtime-2.7.0:] AndroidManifest.xml:62:7-64:23
202                <action android:name="androidx.work.impl.background.systemalarm.UpdateProxies" />
202-->[:androidx.work.work-runtime-2.7.0:] AndroidManifest.xml:63:9-90
202-->[:androidx.work.work-runtime-2.7.0:] AndroidManifest.xml:63:17-87
203            </intent-filter>
204        </receiver>
205        <receiver
205-->[:androidx.work.work-runtime-2.7.0:] AndroidManifest.xml:66:5-70:16
206            android:name="androidx.work.impl.diagnostics.DiagnosticsReceiver"
206-->[:androidx.work.work-runtime-2.7.0:] AndroidManifest.xml:66:15-80
207            android:directBootAware="false"
207-->[:androidx.work.work-runtime-2.7.0:] AndroidManifest.xml:66:81-112
208            android:enabled="true"
208-->[:androidx.work.work-runtime-2.7.0:] AndroidManifest.xml:66:113-135
209            android:exported="true"
209-->[:androidx.work.work-runtime-2.7.0:] AndroidManifest.xml:66:136-159
210            android:permission="android.permission.DUMP" >
210-->[:androidx.work.work-runtime-2.7.0:] AndroidManifest.xml:66:160-204
211            <intent-filter>
211-->[:androidx.work.work-runtime-2.7.0:] AndroidManifest.xml:67:7-69:23
212                <action android:name="androidx.work.diagnostics.REQUEST_DIAGNOSTICS" />
212-->[:androidx.work.work-runtime-2.7.0:] AndroidManifest.xml:68:9-80
212-->[:androidx.work.work-runtime-2.7.0:] AndroidManifest.xml:68:17-77
213            </intent-filter>
214        </receiver> <!-- Include the AdActivity and InAppPurchaseActivity configChanges and themes. -->
215        <activity
215-->[:com.google.android.gms.play-services-ads-lite-22.2.0:] AndroidManifest.xml:41:5-282
216            android:name="com.google.android.gms.ads.AdActivity"
216-->[:com.google.android.gms.play-services-ads-lite-22.2.0:] AndroidManifest.xml:41:15-67
217            android:configChanges="keyboard|keyboardHidden|orientation|screenLayout|uiMode|screenSize|smallestScreenSize"
217-->[:com.google.android.gms.play-services-ads-lite-22.2.0:] AndroidManifest.xml:41:68-177
218            android:exported="false"
218-->[:com.google.android.gms.play-services-ads-lite-22.2.0:] AndroidManifest.xml:41:178-202
219            android:theme="@android:style/Theme.Translucent" />
219-->[:com.google.android.gms.play-services-ads-lite-22.2.0:] AndroidManifest.xml:41:203-251
220
221        <provider
221-->[:com.google.android.gms.play-services-ads-lite-22.2.0:] AndroidManifest.xml:42:5-231
222            android:name="com.google.android.gms.ads.MobileAdsInitProvider"
222-->[:com.google.android.gms.play-services-ads-lite-22.2.0:] AndroidManifest.xml:42:15-78
223            android:authorities="com.DefaultCompany.Myproject.mobileadsinitprovider"
223-->[:com.google.android.gms.play-services-ads-lite-22.2.0:] AndroidManifest.xml:42:79-151
224            android:exported="false"
224-->[:com.google.android.gms.play-services-ads-lite-22.2.0:] AndroidManifest.xml:42:152-176
225            android:initOrder="100" />
225-->[:com.google.android.gms.play-services-ads-lite-22.2.0:] AndroidManifest.xml:42:177-200
226
227        <service
227-->[:com.google.android.gms.play-services-ads-lite-22.2.0:] AndroidManifest.xml:43:5-144
228            android:name="com.google.android.gms.ads.AdService"
228-->[:com.google.android.gms.play-services-ads-lite-22.2.0:] AndroidManifest.xml:43:14-65
229            android:enabled="true"
229-->[:com.google.android.gms.play-services-ads-lite-22.2.0:] AndroidManifest.xml:43:66-88
230            android:exported="false" />
230-->[:com.google.android.gms.play-services-ads-lite-22.2.0:] AndroidManifest.xml:43:89-113
231
232        <activity
232-->[:com.google.android.gms.play-services-ads-lite-22.2.0:] AndroidManifest.xml:44:5-250
233            android:name="com.google.android.gms.ads.OutOfContextTestingActivity"
233-->[:com.google.android.gms.play-services-ads-lite-22.2.0:] AndroidManifest.xml:44:15-84
234            android:configChanges="keyboard|keyboardHidden|orientation|screenLayout|uiMode|screenSize|smallestScreenSize"
234-->[:com.google.android.gms.play-services-ads-lite-22.2.0:] AndroidManifest.xml:44:85-194
235            android:exported="false" />
235-->[:com.google.android.gms.play-services-ads-lite-22.2.0:] AndroidManifest.xml:44:195-219
236        <activity
236-->[:com.chartboost.chartboost-sdk-9.3.1:] AndroidManifest.xml:19:9-24:86
237            android:name="com.chartboost.sdk.view.CBImpressionActivity"
237-->[:com.chartboost.chartboost-sdk-9.3.1:] AndroidManifest.xml:20:13-72
238            android:configChanges="keyboardHidden|orientation|screenSize"
238-->[:com.chartboost.chartboost-sdk-9.3.1:] AndroidManifest.xml:21:13-74
239            android:excludeFromRecents="true"
239-->[:com.chartboost.chartboost-sdk-9.3.1:] AndroidManifest.xml:22:13-46
240            android:hardwareAccelerated="true"
240-->[:com.chartboost.chartboost-sdk-9.3.1:] AndroidManifest.xml:23:13-47
241            android:theme="@android:style/Theme.Translucent.NoTitleBar.Fullscreen" />
241-->[:com.chartboost.chartboost-sdk-9.3.1:] AndroidManifest.xml:24:13-83
242        <activity
242-->[:com.google.android.gms.play-services-base-18.0.1:] AndroidManifest.xml:20:9-22:45
243            android:name="com.google.android.gms.common.api.GoogleApiActivity"
243-->[:com.google.android.gms.play-services-base-18.0.1:] AndroidManifest.xml:20:19-85
244            android:exported="false"
244-->[:com.google.android.gms.play-services-base-18.0.1:] AndroidManifest.xml:22:19-43
245            android:theme="@android:style/Theme.Translucent.NoTitleBar" />
245-->[:com.google.android.gms.play-services-base-18.0.1:] AndroidManifest.xml:21:19-78
246        <activity
246-->[:com.unity3d.ads.unity-ads-4.8.0:] AndroidManifest.xml:8:5-356
247            android:name="com.unity3d.services.ads.adunit.AdUnitActivity"
247-->[:com.unity3d.ads.unity-ads-4.8.0:] AndroidManifest.xml:8:15-76
248            android:configChanges="fontScale|keyboard|keyboardHidden|locale|mnc|mcc|navigation|orientation|screenLayout|screenSize|smallestScreenSize|uiMode|touchscreen"
248-->[:com.unity3d.ads.unity-ads-4.8.0:] AndroidManifest.xml:8:77-234
249            android:exported="false"
249-->[:com.unity3d.ads.unity-ads-4.8.0:] AndroidManifest.xml:8:235-259
250            android:hardwareAccelerated="true"
250-->[:com.unity3d.ads.unity-ads-4.8.0:] AndroidManifest.xml:8:260-294
251            android:theme="@android:style/Theme.NoTitleBar.Fullscreen" />
251-->[:com.unity3d.ads.unity-ads-4.8.0:] AndroidManifest.xml:8:295-353
252        <activity
252-->[:com.unity3d.ads.unity-ads-4.8.0:] AndroidManifest.xml:9:5-379
253            android:name="com.unity3d.services.ads.adunit.AdUnitTransparentActivity"
253-->[:com.unity3d.ads.unity-ads-4.8.0:] AndroidManifest.xml:9:15-87
254            android:configChanges="fontScale|keyboard|keyboardHidden|locale|mnc|mcc|navigation|orientation|screenLayout|screenSize|smallestScreenSize|uiMode|touchscreen"
254-->[:com.unity3d.ads.unity-ads-4.8.0:] AndroidManifest.xml:9:88-245
255            android:exported="false"
255-->[:com.unity3d.ads.unity-ads-4.8.0:] AndroidManifest.xml:9:246-270
256            android:hardwareAccelerated="true"
256-->[:com.unity3d.ads.unity-ads-4.8.0:] AndroidManifest.xml:9:271-305
257            android:theme="@android:style/Theme.Translucent.NoTitleBar.Fullscreen" />
257-->[:com.unity3d.ads.unity-ads-4.8.0:] AndroidManifest.xml:9:306-376
258        <activity
258-->[:com.unity3d.ads.unity-ads-4.8.0:] AndroidManifest.xml:10:5-388
259            android:name="com.unity3d.services.ads.adunit.AdUnitTransparentSoftwareActivity"
259-->[:com.unity3d.ads.unity-ads-4.8.0:] AndroidManifest.xml:10:15-95
260            android:configChanges="fontScale|keyboard|keyboardHidden|locale|mnc|mcc|navigation|orientation|screenLayout|screenSize|smallestScreenSize|uiMode|touchscreen"
260-->[:com.unity3d.ads.unity-ads-4.8.0:] AndroidManifest.xml:10:96-253
261            android:exported="false"
261-->[:com.unity3d.ads.unity-ads-4.8.0:] AndroidManifest.xml:10:254-278
262            android:hardwareAccelerated="false"
262-->[:com.unity3d.ads.unity-ads-4.8.0:] AndroidManifest.xml:10:279-314
263            android:theme="@android:style/Theme.Translucent.NoTitleBar.Fullscreen" />
263-->[:com.unity3d.ads.unity-ads-4.8.0:] AndroidManifest.xml:10:315-385
264        <activity
264-->[:com.unity3d.ads.unity-ads-4.8.0:] AndroidManifest.xml:11:5-365
265            android:name="com.unity3d.services.ads.adunit.AdUnitSoftwareActivity"
265-->[:com.unity3d.ads.unity-ads-4.8.0:] AndroidManifest.xml:11:15-84
266            android:configChanges="fontScale|keyboard|keyboardHidden|locale|mnc|mcc|navigation|orientation|screenLayout|screenSize|smallestScreenSize|uiMode|touchscreen"
266-->[:com.unity3d.ads.unity-ads-4.8.0:] AndroidManifest.xml:11:85-242
267            android:exported="false"
267-->[:com.unity3d.ads.unity-ads-4.8.0:] AndroidManifest.xml:11:243-267
268            android:hardwareAccelerated="false"
268-->[:com.unity3d.ads.unity-ads-4.8.0:] AndroidManifest.xml:11:268-303
269            android:theme="@android:style/Theme.NoTitleBar.Fullscreen" />
269-->[:com.unity3d.ads.unity-ads-4.8.0:] AndroidManifest.xml:11:304-362
270
271        <service
271-->[:androidx.room.room-runtime-2.2.5:] AndroidManifest.xml:25:9-28:40
272            android:name="androidx.room.MultiInstanceInvalidationService"